Flow report for SCOMP_SRAM
Wed Apr 15 12:58:19 2020
Quartus II Version 9.1 Build 350 03/24/2010 Service Pack 2 SJ Web Edition


---------------------
; Table of Contents ;
---------------------
  1. Legal Notice
  2. Flow Summary
  3. Flow Settings
  4. Flow Non-Default Global Settings
  5. Flow Elapsed Time
  6. Flow OS Summary
  7. Flow Log



----------------
; Legal Notice ;
----------------
Copyright (C) 1991-2010 Altera Corporation
Your use of Altera Corporation's design tools, logic functions 
and other software and tools, and its AMPP partner logic 
functions, and any output files from any of the foregoing 
(including device programming or simulation files), and any 
associated documentation or information are expressly subject 
to the terms and conditions of the Altera Program License 
Subscription Agreement, Altera MegaCore Function License 
Agreement, or other applicable license agreement, including, 
without limitation, that your use is for the sole purpose of 
programming logic devices manufactured by Altera and sold by 
Altera or its authorized distributors.  Please refer to the 
applicable agreement for further details.



+-----------------------------------------------------------------------------------+
; Flow Summary                                                                      ;
+------------------------------------+----------------------------------------------+
; Flow Status                        ; Successful - Wed Apr 15 12:58:19 2020        ;
; Quartus II Version                 ; 9.1 Build 350 03/24/2010 SP 2 SJ Web Edition ;
; Revision Name                      ; SCOMP_SRAM                                   ;
; Top-level Entity Name              ; SCOMP_SRAM                                   ;
; Family                             ; Cyclone II                                   ;
; Device                             ; EP2C35F672C6                                 ;
; Timing Models                      ; Final                                        ;
; Met timing requirements            ; No                                           ;
; Total logic elements               ; 1,503 / 33,216 ( 5 % )                       ;
;     Total combinational functions  ; 1,488 / 33,216 ( 4 % )                       ;
;     Dedicated logic registers      ; 224 / 33,216 ( < 1 % )                       ;
; Total registers                    ; 224                                          ;
; Total pins                         ; 52 / 475 ( 11 % )                            ;
; Total virtual pins                 ; 0                                            ;
; Total memory bits                  ; 32,768 / 483,840 ( 7 % )                     ;
; Embedded Multiplier 9-bit elements ; 0 / 70 ( 0 % )                               ;
; Total PLLs                         ; 1 / 4 ( 25 % )                               ;
+------------------------------------+----------------------------------------------+


+-----------------------------------------+
; Flow Settings                           ;
+-------------------+---------------------+
; Option            ; Setting             ;
+-------------------+---------------------+
; Start date & time ; 04/15/2020 12:55:54 ;
; Main task         ; Compilation         ;
; Revision Name     ; SCOMP_SRAM          ;
+-------------------+---------------------+


+---------------------------------------------------------------------------------------------------------------------+
; Flow Non-Default Global Settings                                                                                    ;
+------------------------------------+---------------------------------+---------------+-------------+----------------+
; Assignment Name                    ; Value                           ; Default Value ; Entity Name ; Section Id     ;
+------------------------------------+---------------------------------+---------------+-------------+----------------+
; COMPILER_SIGNATURE_ID              ; 277589987402067.158697335310784 ; --            ; --          ; --             ;
; MAX_CORE_JUNCTION_TEMP             ; 85                              ; --            ; --          ; --             ;
; MIN_CORE_JUNCTION_TEMP             ; 0                               ; --            ; --          ; --             ;
; PARTITION_COLOR                    ; 16764057                        ; --            ; --          ; Top            ;
; PARTITION_NETLIST_TYPE             ; SOURCE                          ; --            ; --          ; Top            ;
; SMART_RECOMPILE                    ; On                              ; Off           ; --          ; --             ;
; USE_GENERATED_PHYSICAL_CONSTRAINTS ; Off                             ; --            ; --          ; eda_blast_fpga ;
+------------------------------------+---------------------------------+---------------+-------------+----------------+


+-----------------------------------------------------------------------------------------------------------------------------+
; Flow Elapsed Time                                                                                                           ;
+-------------------------+--------------+-------------------------+---------------------+------------------------------------+
; Module Name             ; Elapsed Time ; Average Processors Used ; Peak Virtual Memory ; Total CPU Time (on all processors) ;
+-------------------------+--------------+-------------------------+---------------------+------------------------------------+
; Analysis & Synthesis    ; 00:00:04     ; 1.0                     ; 267 MB              ; 00:00:04                           ;
; Fitter                  ; 00:00:08     ; 1.0                     ; 315 MB              ; 00:00:08                           ;
; Assembler               ; 00:00:01     ; 1.0                     ; 278 MB              ; 00:00:02                           ;
; Classic Timing Analyzer ; 00:00:01     ; 1.0                     ; 190 MB              ; 00:00:01                           ;
; MIF/HEX Update          ; 00:00:00     ; 1.0                     ; 244 MB              ; 00:00:01                           ;
; Assembler               ; 00:00:02     ; 1.0                     ; 279 MB              ; 00:00:02                           ;
; MIF/HEX Update          ; 00:00:01     ; 1.0                     ; 244 MB              ; 00:00:01                           ;
; Assembler               ; 00:00:02     ; 1.0                     ; 279 MB              ; 00:00:02                           ;
; Total                   ; 00:00:19     ; --                      ; --                  ; 00:00:21                           ;
+-------------------------+--------------+-------------------------+---------------------+------------------------------------+


+------------------------------------------------------------------------------------------+
; Flow OS Summary                                                                          ;
+-------------------------+------------------+---------------+------------+----------------+
; Module Name             ; Machine Hostname ; OS Name       ; OS Version ; Processor type ;
+-------------------------+------------------+---------------+------------+----------------+
; Analysis & Synthesis    ; LAPTOP-KNQH8K4J  ; Windows Vista ; 6.2        ; x86_64         ;
; Fitter                  ; LAPTOP-KNQH8K4J  ; Windows Vista ; 6.2        ; x86_64         ;
; Assembler               ; LAPTOP-KNQH8K4J  ; Windows Vista ; 6.2        ; x86_64         ;
; Classic Timing Analyzer ; LAPTOP-KNQH8K4J  ; Windows Vista ; 6.2        ; x86_64         ;
; MIF/HEX Update          ; LAPTOP-KNQH8K4J  ; Windows Vista ; 6.2        ; x86_64         ;
; Assembler               ; LAPTOP-KNQH8K4J  ; Windows Vista ; 6.2        ; x86_64         ;
; MIF/HEX Update          ; LAPTOP-KNQH8K4J  ; Windows Vista ; 6.2        ; x86_64         ;
; Assembler               ; LAPTOP-KNQH8K4J  ; Windows Vista ; 6.2        ; x86_64         ;
+-------------------------+------------------+---------------+------------+----------------+


------------
; Flow Log ;
------------
quartus_map --read_settings_files=on --write_settings_files=off SCOMP_SRAM -c SCOMP_SRAM
quartus_fit --read_settings_files=off --write_settings_files=off SCOMP_SRAM -c SCOMP_SRAM
quartus_asm --read_settings_files=off --write_settings_files=off SCOMP_SRAM -c SCOMP_SRAM
quartus_tan --read_settings_files=off --write_settings_files=off SCOMP_SRAM -c SCOMP_SRAM --timing_analysis_only
quartus_cdb SCOMP_SRAM -c SCOMP_SRAM --update_mif
quartus_asm --read_settings_files=on --write_settings_files=off SCOMP_SRAM -c SCOMP_SRAM
quartus_cdb SCOMP_SRAM -c SCOMP_SRAM --update_mif
quartus_asm --read_settings_files=on --write_settings_files=off SCOMP_SRAM -c SCOMP_SRAM



